<?xml version="1.0" encoding="UTF-8"?>
<testng-results skipped="0" failed="0" ignored="0" total="1" passed="1">
  <reporter-output>
  </reporter-output>
  <suite name="Suite1" duration-ms="32970" started-at="2019-01-24T19:27:24Z" finished-at="2019-01-24T19:27:57Z">
    <groups>
      <group name="cucumber">
        <method signature="AbstractTestNGCucumberTests.feature(cucumber.api.testng.CucumberFeatureWrapper)[pri:0, instance:com.sa.TestRunner.TestNGtestrunner@7cd62f43]" name="feature" class="cucumber.api.testng.AbstractTestNGCucumberTests"/>
      </group> <!-- cucumber -->
    </groups>
    <test name="Nopackage" duration-ms="32970" started-at="2019-01-24T19:27:24Z" finished-at="2019-01-24T19:27:57Z">
      <class name="com.sa.TestRunner.TestNGtestrunner">
        <test-method status="PASS" signature="setUpClass()[pri:0, instance:com.sa.TestRunner.TestNGtestrunner@7cd62f43]" name="setUpClass" is-config="true" duration-ms="1627" started-at="2019-01-24T19:27:24Z" finished-at="2019-01-24T19:27:25Z">
          <reporter-output>
          </reporter-output>
        </test-method> <!-- setUpClass -->
        <test-method status="PASS" signature="feature(cucumber.api.testng.CucumberFeatureWrapper)[pri:0, instance:com.sa.TestRunner.TestNGtestrunner@7cd62f43]" name="feature" duration-ms="30488" started-at="2019-01-24T19:27:26Z" description="Runs Cucumber Feature" data-provider="features" finished-at="2019-01-24T19:27:56Z">
          <params>
            <param index="0">
              <value>
                <![CDATA[As a user]]>
              </value>
            </param>
          </params>
          <reporter-output>
          </reporter-output>
        </test-method> <!-- feature -->
        <test-method status="PASS" signature="tearDownClass()[pri:0, instance:com.sa.TestRunner.TestNGtestrunner@7cd62f43]" name="tearDownClass" is-config="true" duration-ms="57" started-at="2019-01-24T19:27:56Z" finished-at="2019-01-24T19:27:57Z">
          <reporter-output>
          </reporter-output>
        </test-method> <!-- tearDownClass -->
      </class> <!-- com.sa.TestRunner.TestNGtestrunner -->
    </test> <!-- Nopackage -->
  </suite> <!-- Suite1 -->
</testng-results>
